# JRE version: OpenJDK Runtime Environment (11.0+28) (build 11+28)
# Java VM: OpenJDK 64-Bit Server VM (11+28, mixed mode, tiered, compressed oops, g1 gc, windows-amd64)
Heap:
 garbage-first heap   total 71680K, used 50235K [0x0000000709800000, 0x0000000800000000)
  region size 1024K, 24 young (24576K), 4 survivors (4096K)
 Metaspace       used 77832K, capacity 80840K, committed 99968K, reserved 1136640K
  class space    used 10369K, capacity 11434K, committed 13696K, reserved 1048576K
GC Heap History (10 events):
Event: 69821.999 GC heap before
{Heap before GC invocations=810 (full 65):
 garbage-first heap   total 71680K, used 55007K [0x0000000709800000, 0x0000000800000000)
  region size 1024K, 29 young (29696K), 0 survivors (0K)
 Metaspace       used 77518K, capacity 80526K, committed 99968K, reserved 1136640K
  class space    used 10345K, capacity 11395K, committed 13696K, reserved 1048576K
}
Event: 69822.002 GC heap after
{Heap after GC invocations=811 (full 65):
 garbage-first heap   total 71680K, used 27295K [0x0000000709800000, 0x0000000800000000)
  region size 1024K, 2 young (2048K), 2 survivors (2048K)
 Metaspace       used 77518K, capacity 80526K, committed 99968K, reserved 1136640K
  class space    used 10345K, capacity 11395K, committed 13696K, reserved 1048576K
}
Event: 69822.122 GC heap before
{Heap before GC invocations=812 (full 65):
 garbage-first heap   total 71680K, used 54943K [0x0000000709800000, 0x0000000800000000)
  region size 1024K, 30 young (30720K), 2 survivors (2048K)
 Metaspace       used 77562K, capacity 80560K, committed 99968K, reserved 1136640K
  class space    used 10350K, capacity 11429K, committed 13696K, reserved 1048576K
}
Event: 69822.124 GC heap after
{Heap after GC invocations=813 (full 65):
 garbage-first heap   total 71680K, used 28062K [0x0000000709800000, 0x0000000800000000)
  region size 1024K, 3 young (3072K), 3 survivors (3072K)
 Metaspace       used 77562K, capacity 80560K, committed 99968K, reserved 1136640K
  class space    used 10350K, capacity 11429K, committed 13696K, reserved 1048576K
}
Event: 69822.129 GC heap before
{Heap before GC invocations=813 (full 65):
 garbage-first heap   total 71680K, used 54686K [0x0000000709800000, 0x0000000800000000)
  region size 1024K, 30 young (30720K), 3 survivors (3072K)
 Metaspace       used 77562K, capacity 80560K, committed 99968K, reserved 1136640K
  class space    used 10350K, capacity 11429K, committed 13696K, reserved 1048576K
}
Event: 69822.133 GC heap after
{Heap after GC invocations=814 (full 65):
 garbage-first heap   total 71680K, used 28023K [0x0000000709800000, 0x0000000800000000)
  region size 1024K, 2 young (2048K), 2 survivors (2048K)
 Metaspace       used 77562K, capacity 80560K, committed 99968K, reserved 1136640K
  class space    used 10350K, capacity 11429K, committed 13696K, reserved 1048576K
}
Event: 69822.293 GC heap before
{Heap before GC invocations=815 (full 65):
 garbage-first heap   total 71680K, used 55671K [0x0000000709800000, 0x0000000800000000)
  region size 1024K, 29 young (29696K), 2 survivors (2048K)
 Metaspace       used 77700K, capacity 80688K, committed 99968K, reserved 1136640K
  class space    used 10360K, capacity 11429K, committed 13696K, reserved 1048576K
}
Event: 69822.294 GC heap after
{Heap after GC invocations=816 (full 65):
 garbage-first heap   total 71680K, used 28967K [0x0000000709800000, 0x0000000800000000)
  region size 1024K, 3 young (3072K), 3 survivors (3072K)
 Metaspace       used 77700K, capacity 80688K, committed 99968K, reserved 1136640K
  class space    used 10360K, capacity 11429K, committed 13696K, reserved 1048576K
}
Event: 69822.419 GC heap before
{Heap before GC invocations=816 (full 65):
 garbage-first heap   total 71680K, used 55591K [0x0000000709800000, 0x0000000800000000)
  region size 1024K, 29 young (29696K), 3 survivors (3072K)
 Metaspace       used 77798K, capacity 80828K, committed 99968K, reserved 1136640K
  class space    used 10367K, capacity 11431K, committed 13696K, reserved 1048576K
}
Event: 69822.421 GC heap after
{Heap after GC invocations=817 (full 65):
 garbage-first heap   total 71680K, used 30779K [0x0000000709800000, 0x0000000800000000)
  region size 1024K, 4 young (4096K), 4 survivors (4096K)
 Metaspace       used 77798K, capacity 80828K, committed 99968K, reserved 1136640K
  class space    used 10367K, capacity 11431K, committed 13696K, reserved 1048576K
}

